INFO:root:Driver: 175.0 of: 2736
INFO:root:Driver: 278.0 of: 2736
INFO:root:Driver: 1029.0 of: 2736
INFO:root:Driver: 1137.0 of: 2736
INFO:root:Driver: 1244.0 of: 2736
INFO:root:Driver: 1357.0 of: 2736
INFO:root:Driver: 1467.0 of: 2736
INFO:root:Driver: 1575.0 of: 2736
INFO:root:Driver: 1682.0 of: 2736
INFO:root:Driver: 1793.0 of: 2736
INFO:root:Driver: 1893.0 of: 2736
INFO:root:Driver: 1997.0 of: 2736
INFO:root:Driver: 2103.0 of: 2736
INFO:root:Driver: 2205.0 of: 2736
INFO:root:Driver: 2310.0 of: 2736
INFO:root:Driver: 2417.0 of: 2736
INFO:root:Driver: 2521.0 of: 2736
INFO:root:Driver: 2629.0 of: 2736
INFO:root:Driver: 2732.0 of: 2736
INFO:root:Driver: 2839.0 of: 2736
INFO:root:Driver: 2942.0 of: 2736
INFO:root:Driver: 3048.0 of: 2736
INFO:root:Driver: 3160.0 of: 2736
INFO:root:Driver: 3262.0 of: 2736
INFO:root:Driver: 3367.0 of: 2736
INFO:root:Driver: 3472.0 of: 2736
INFO:root:Driver: 3576.0 of: 2736
